railtracks not installed (Windows long-path issue). Agent nodes disabled; main pipeline uses httpx directly.
INFO:     Will watch for changes in these directories: ['C:\\Users\\14697\\Downloads\\ReFind']
INFO:     Uvicorn running on http://0.0.0.0:8000 (Press CTRL+C to quit)
INFO:     Started reloader process [15188] using WatchFiles
railtracks not installed (Windows long-path issue). Agent nodes disabled; main pipeline uses httpx directly.
INFO:     Started server process [20648]
INFO:     Waiting for application startup.
Task exception was never retrieved
future: <Task finished name='Task-3' coro=<Connection.run() done, defined at C:\Users\14697\AppData\Local\Packages\PythonSoftwareFoundation.Python.3.12_qbz5n2kfra8p0\LocalCache\local-packages\Python312\site-packages\playwright\_impl\_connection.py:305> exception=NotImplementedError()>
Traceback (most recent call last):
  File "C:\Users\14697\AppData\Local\Packages\PythonSoftwareFoundation.Python.3.12_qbz5n2kfra8p0\LocalCache\local-packages\Python312\site-packages\playwright\_impl\_connection.py", line 312, in run
    await self._transport.connect()
  File "C:\Users\14697\AppData\Local\Packages\PythonSoftwareFoundation.Python.3.12_qbz5n2kfra8p0\LocalCache\local-packages\Python312\site-packages\playwright\_impl\_transport.py", line 133, in connect
    raise exc
  File "C:\Users\14697\AppData\Local\Packages\PythonSoftwareFoundation.Python.3.12_qbz5n2kfra8p0\LocalCache\local-packages\Python312\site-packages\playwright\_impl\_transport.py", line 120, in connect
    self._proc = await asyncio.create_subprocess_exec(
                 ^^^^^^^^^^^^^^^^^^^^^^^^^^^^^^^^^^^^^
  File "C:\Program Files\WindowsApps\PythonSoftwareFoundation.Python.3.12_3.12.2800.0_x64__qbz5n2kfra8p0\Lib\asyncio\subprocess.py", line 224, in create_subprocess_exec
    transport, protocol = await loop.subprocess_exec(
                          ^^^^^^^^^^^^^^^^^^^^^^^^^^^
  File "C:\Program Files\WindowsApps\PythonSoftwareFoundation.Python.3.12_3.12.2800.0_x64__qbz5n2kfra8p0\Lib\asyncio\base_events.py", line 1756, in subprocess_exec
    transport = await self._make_subprocess_transport(
                ^^^^^^^^^^^^^^^^^^^^^^^^^^^^^^^^^^^^^^
  File "C:\Program Files\WindowsApps\PythonSoftwareFoundation.Python.3.12_3.12.2800.0_x64__qbz5n2kfra8p0\Lib\asyncio\base_events.py", line 528, in _make_subprocess_transport
    raise NotImplementedError
NotImplementedError
INFO:     Application startup complete.
ReFind Agent Backend starting...
Browser init failed (browser features disabled): 
INFO:     127.0.0.1:51297 - "GET /health HTTP/1.1" 200 OK
WARNING:  WatchFiles detected changes in 'backend\main.py'. Reloading...
 INFO:     127.0.0.1:62322 - "GET /health HTTP/1.1" 200 OK
INFO:     127.0.0.1:52571 - "GET /health HTTP/1.1" 200 OK
INFO:     127.0.0.1:57905 - "POST /api/agent/chat HTTP/1.1" 200 OK
Task exception was never retrieved
future: <Task finished name='Task-28' coro=<Connection.run() done, defined at C:\Users\14697\AppData\Local\Packages\PythonSoftwareFoundation.Python.3.12_qbz5n2kfra8p0\LocalCache\local-packages\Python312\site-packages\playwright\_impl\_connection.py:305> exception=NotImplementedError()>
Traceback (most recent call last):
  File "C:\Users\14697\AppData\Local\Packages\PythonSoftwareFoundation.Python.3.12_qbz5n2kfra8p0\LocalCache\local-packages\Python312\site-packages\playwright\_impl\_connection.py", line 312, in run
    await self._transport.connect()
  File "C:\Users\14697\AppData\Local\Packages\PythonSoftwareFoundation.Python.3.12_qbz5n2kfra8p0\LocalCache\local-packages\Python312\site-packages\playwright\_impl\_transport.py", line 133, in connect
    raise exc
  File "C:\Users\14697\AppData\Local\Packages\PythonSoftwareFoundation.Python.3.12_qbz5n2kfra8p0\LocalCache\local-packages\Python312\site-packages\playwright\_impl\_transport.py", line 120, in connect
    self._proc = await asyncio.create_subprocess_exec(
                 ^^^^^^^^^^^^^^^^^^^^^^^^^^^^^^^^^^^^^
  File "C:\Program Files\WindowsApps\PythonSoftwareFoundation.Python.3.12_3.12.2800.0_x64__qbz5n2kfra8p0\Lib\asyncio\subprocess.py", line 224, in create_subprocess_exec
    transport, protocol = await loop.subprocess_exec(
                          ^^^^^^^^^^^^^^^^^^^^^^^^^^^
  File "C:\Program Files\WindowsApps\PythonSoftwareFoundation.Python.3.12_3.12.2800.0_x64__qbz5n2kfra8p0\Lib\asyncio\base_events.py", line 1756, in subprocess_exec
    transport = await self._make_subprocess_transport(
                ^^^^^^^^^^^^^^^^^^^^^^^^^^^^^^^^^^^^^^
  File "C:\Program Files\WindowsApps\PythonSoftwareFoundation.Python.3.12_3.12.2800.0_x64__qbz5n2kfra8p0\Lib\asyncio\base_events.py", line 528, in _make_subprocess_transport
    raise NotImplementedError
NotImplementedError
INFO:     127.0.0.1:54469 - "POST /api/agent/chat HTTP/1.1" 200 OK
INFO:     127.0.0.1:58550 - "GET /api/trending?zip=10001 HTTP/1.1" 200 OK
Task exception was never retrieved
future: <Task finished name='Task-90' coro=<Connection.run() done, defined at C:\Users\14697\AppData\Local\Packages\PythonSoftwareFoundation.Python.3.12_qbz5n2kfra8p0\LocalCache\local-packages\Python312\site-packages\playwright\_impl\_connection.py:305> exception=NotImplementedError()>
Traceback (most recent call last):
  File "C:\Users\14697\AppData\Local\Packages\PythonSoftwareFoundation.Python.3.12_qbz5n2kfra8p0\LocalCache\local-packages\Python312\site-packages\playwright\_impl\_connection.py", line 312, in run
    await self._transport.connect()
  File "C:\Users\14697\AppData\Local\Packages\PythonSoftwareFoundation.Python.3.12_qbz5n2kfra8p0\LocalCache\local-packages\Python312\site-packages\playwright\_impl\_transport.py", line 133, in connect
    raise exc
  File "C:\Users\14697\AppData\Local\Packages\PythonSoftwareFoundation.Python.3.12_qbz5n2kfra8p0\LocalCache\local-packages\Python312\site-packages\playwright\_impl\_transport.py", line 120, in connect
    self._proc = await asyncio.create_subprocess_exec(
                 ^^^^^^^^^^^^^^^^^^^^^^^^^^^^^^^^^^^^^
  File "C:\Program Files\WindowsApps\PythonSoftwareFoundation.Python.3.12_3.12.2800.0_x64__qbz5n2kfra8p0\Lib\asyncio\subprocess.py", line 224, in create_subprocess_exec
    transport, protocol = await loop.subprocess_exec(
                          ^^^^^^^^^^^^^^^^^^^^^^^^^^^
  File "C:\Program Files\WindowsApps\PythonSoftwareFoundation.Python.3.12_3.12.2800.0_x64__qbz5n2kfra8p0\Lib\asyncio\base_events.py", line 1756, in subprocess_exec
    transport = await self._make_subprocess_transport(
                ^^^^^^^^^^^^^^^^^^^^^^^^^^^^^^^^^^^^^^
  File "C:\Program Files\WindowsApps\PythonSoftwareFoundation.Python.3.12_3.12.2800.0_x64__qbz5n2kfra8p0\Lib\asyncio\base_events.py", line 528, in _make_subprocess_transport
    raise NotImplementedError
NotImplementedError
INFO:     127.0.0.1:64181 - "GET /api/trending?zip=10001 HTTP/1.1" 200 OK
INFO:     127.0.0.1:59667 - "GET /api/trending?zip=10001 HTTP/1.1" 200 OK
INFO:     127.0.0.1:61831 - "GET /api/trending?zip=10001 HTTP/1.1" 200 OK
INFO:     127.0.0.1:60885 - "GET /api/trending?zip=10001 HTTP/1.1" 200 OK
INFO:     127.0.0.1:60926 - "POST /api/agent/chat HTTP/1.1" 200 OK
Task exception was never retrieved
future: <Task finished name='Task-284' coro=<Connection.run() done, defined at C:\Users\14697\AppData\Local\Packages\PythonSoftwareFoundation.Python.3.12_qbz5n2kfra8p0\LocalCache\local-packages\Python312\site-packages\playwright\_impl\_connection.py:305> exception=NotImplementedError()>
Traceback (most recent call last):
  File "C:\Users\14697\AppData\Local\Packages\PythonSoftwareFoundation.Python.3.12_qbz5n2kfra8p0\LocalCache\local-packages\Python312\site-packages\playwright\_impl\_connection.py", line 312, in run
    await self._transport.connect()
  File "C:\Users\14697\AppData\Local\Packages\PythonSoftwareFoundation.Python.3.12_qbz5n2kfra8p0\LocalCache\local-packages\Python312\site-packages\playwright\_impl\_transport.py", line 133, in connect
    raise exc
  File "C:\Users\14697\AppData\Local\Packages\PythonSoftwareFoundation.Python.3.12_qbz5n2kfra8p0\LocalCache\local-packages\Python312\site-packages\playwright\_impl\_transport.py", line 120, in connect
    self._proc = await asyncio.create_subprocess_exec(
                 ^^^^^^^^^^^^^^^^^^^^^^^^^^^^^^^^^^^^^
  File "C:\Program Files\WindowsApps\PythonSoftwareFoundation.Python.3.12_3.12.2800.0_x64__qbz5n2kfra8p0\Lib\asyncio\subprocess.py", line 224, in create_subprocess_exec
    transport, protocol = await loop.subprocess_exec(
                          ^^^^^^^^^^^^^^^^^^^^^^^^^^^
  File "C:\Program Files\WindowsApps\PythonSoftwareFoundation.Python.3.12_3.12.2800.0_x64__qbz5n2kfra8p0\Lib\asyncio\base_events.py", line 1756, in subprocess_exec
    transport = await self._make_subprocess_transport(
                ^^^^^^^^^^^^^^^^^^^^^^^^^^^^^^^^^^^^^^
  File "C:\Program Files\WindowsApps\PythonSoftwareFoundation.Python.3.12_3.12.2800.0_x64__qbz5n2kfra8p0\Lib\asyncio\base_events.py", line 528, in _make_subprocess_transport
    raise NotImplementedError
NotImplementedError
INFO:     127.0.0.1:63233 - "POST /api/agent/chat HTTP/1.1" 200 OK
Task exception was never retrieved
future: <Task finished name='Task-302' coro=<Connection.run() done, defined at C:\Users\14697\AppData\Local\Packages\PythonSoftwareFoundation.Python.3.12_qbz5n2kfra8p0\LocalCache\local-packages\Python312\site-packages\playwright\_impl\_connection.py:305> exception=NotImplementedError()>
Traceback (most recent call last):
  File "C:\Users\14697\AppData\Local\Packages\PythonSoftwareFoundation.Python.3.12_qbz5n2kfra8p0\LocalCache\local-packages\Python312\site-packages\playwright\_impl\_connection.py", line 312, in run
    await self._transport.connect()
  File "C:\Users\14697\AppData\Local\Packages\PythonSoftwareFoundation.Python.3.12_qbz5n2kfra8p0\LocalCache\local-packages\Python312\site-packages\playwright\_impl\_transport.py", line 133, in connect
    raise exc
  File "C:\Users\14697\AppData\Local\Packages\PythonSoftwareFoundation.Python.3.12_qbz5n2kfra8p0\LocalCache\local-packages\Python312\site-packages\playwright\_impl\_transport.py", line 120, in connect
    self._proc = await asyncio.create_subprocess_exec(
                 ^^^^^^^^^^^^^^^^^^^^^^^^^^^^^^^^^^^^^
  File "C:\Program Files\WindowsApps\PythonSoftwareFoundation.Python.3.12_3.12.2800.0_x64__qbz5n2kfra8p0\Lib\asyncio\subprocess.py", line 224, in create_subprocess_exec
    transport, protocol = await loop.subprocess_exec(
                          ^^^^^^^^^^^^^^^^^^^^^^^^^^^
  File "C:\Program Files\WindowsApps\PythonSoftwareFoundation.Python.3.12_3.12.2800.0_x64__qbz5n2kfra8p0\Lib\asyncio\base_events.py", line 1756, in subprocess_exec
    transport = await self._make_subprocess_transport(
                ^^^^^^^^^^^^^^^^^^^^^^^^^^^^^^^^^^^^^^
  File "C:\Program Files\WindowsApps\PythonSoftwareFoundation.Python.3.12_3.12.2800.0_x64__qbz5n2kfra8p0\Lib\asyncio\base_events.py", line 528, in _make_subprocess_transport
    raise NotImplementedError
NotImplementedError
INFO:     127.0.0.1:63277 - "GET /health HTTP/1.1" 200 OK
INFO:     127.0.0.1:51322 - "GET /health HTTP/1.1" 200 OK
INFO:     127.0.0.1:51348 - "GET /health HTTP/1.1" 200 OK
INFO:     127.0.0.1:51365 - "GET /api/trending?zip=10001 HTTP/1.1" 200 OK
INFO:     127.0.0.1:59712 - "POST /api/agent/chat HTTP/1.1" 200 OK
Task exception was never retrieved
future: <Task finished name='Task-370' coro=<Connection.run() done, defined at C:\Users\14697\AppData\Local\Packages\PythonSoftwareFoundation.Python.3.12_qbz5n2kfra8p0\LocalCache\local-packages\Python312\site-packages\playwright\_impl\_connection.py:305> exception=NotImplementedError()>
Traceback (most recent call last):
  File "C:\Users\14697\AppData\Local\Packages\PythonSoftwareFoundation.Python.3.12_qbz5n2kfra8p0\LocalCache\local-packages\Python312\site-packages\playwright\_impl\_connection.py", line 312, in run
    await self._transport.connect()
  File "C:\Users\14697\AppData\Local\Packages\PythonSoftwareFoundation.Python.3.12_qbz5n2kfra8p0\LocalCache\local-packages\Python312\site-packages\playwright\_impl\_transport.py", line 133, in connect
    raise exc
  File "C:\Users\14697\AppData\Local\Packages\PythonSoftwareFoundation.Python.3.12_qbz5n2kfra8p0\LocalCache\local-packages\Python312\site-packages\playwright\_impl\_transport.py", line 120, in connect
    self._proc = await asyncio.create_subprocess_exec(
                 ^^^^^^^^^^^^^^^^^^^^^^^^^^^^^^^^^^^^^
  File "C:\Program Files\WindowsApps\PythonSoftwareFoundation.Python.3.12_3.12.2800.0_x64__qbz5n2kfra8p0\Lib\asyncio\subprocess.py", line 224, in create_subprocess_exec
    transport, protocol = await loop.subprocess_exec(
                          ^^^^^^^^^^^^^^^^^^^^^^^^^^^
  File "C:\Program Files\WindowsApps\PythonSoftwareFoundation.Python.3.12_3.12.2800.0_x64__qbz5n2kfra8p0\Lib\asyncio\base_events.py", line 1756, in subprocess_exec
    transport = await self._make_subprocess_transport(
                ^^^^^^^^^^^^^^^^^^^^^^^^^^^^^^^^^^^^^^
  File "C:\Program Files\WindowsApps\PythonSoftwareFoundation.Python.3.12_3.12.2800.0_x64__qbz5n2kfra8p0\Lib\asyncio\base_events.py", line 528, in _make_subprocess_transport
    raise NotImplementedError
NotImplementedError
INFO:     127.0.0.1:59725 - "GET /api/trending?zip=10001 HTTP/1.1" 200 OK
